This file contains any messages produced by compilers while
running configure, to aid debugging if configure makes a mistake.

It was created by SHTns configure 2.3.1, which was
generated by GNU Autoconf 2.69.  Invocation command line was

  $ ./configure --prefix=/home/mike --enable-openmp --enable-python

## --------- ##
## Platform. ##
## --------- ##

hostname = localhost.localdomain
uname -m = x86_64
uname -r = 3.9.5-301.fc19.x86_64
uname -s = Linux
uname -v = #1 SMP Tue Jun 11 19:39:38 UTC 2013

/usr/bin/uname -p = x86_64
/bin/uname -X     = unknown

/bin/arch              = x86_64
/usr/bin/arch -k       = unknown
/usr/convex/getsysinfo = unknown
/usr/bin/hostinfo      = unknown
/bin/machine           = unknown
/usr/bin/oslevel       = unknown
/bin/universe          = unknown

PATH: /usr/local/bin
PATH: /usr/bin
PATH: /bin
PATH: /usr/local/sbin
PATH: /usr/sbin
PATH: /home/mike/.local/bin
PATH: /home/mike/bin


## ----------- ##
## Core tests. ##
## ----------- ##

configure:2276: checking for gcc
configure:2292: found /usr/bin/gcc
configure:2303: result: gcc
configure:2532: checking for C compiler version
configure:2541: gcc --version >&5
gcc (GCC) 4.8.1 20130603 (Red Hat 4.8.1-1)
Copyright (C) 2013 Free Software Foundation, Inc.
This is free software; see the source for copying conditions.  There is NO
warranty; not even for MERCHANTABILITY or FITNESS FOR A PARTICULAR PURPOSE.

configure:2552: $? = 0
configure:2541: gcc -v >&5
Using built-in specs.
COLLECT_GCC=gcc
COLLECT_LTO_WRAPPER=/usr/libexec/gcc/x86_64-redhat-linux/4.8.1/lto-wrapper
Target: x86_64-redhat-linux
Configured with: ../configure --prefix=/usr --mandir=/usr/share/man --infodir=/usr/share/info --with-bugurl=http://bugzilla.redhat.com/bugzilla --enable-bootstrap --enable-shared --enable-threads=posix --enable-checking=release --with-system-zlib --enable-__cxa_atexit --disable-libunwind-exceptions --enable-gnu-unique-object --enable-linker-build-id --with-linker-hash-style=gnu --enable-languages=c,c++,objc,obj-c++,java,fortran,ada,go,lto --enable-plugin --enable-initfini-array --enable-java-awt=gtk --disable-dssi --with-java-home=/usr/lib/jvm/java-1.5.0-gcj-1.5.0.0/jre --enable-libgcj-multifile --enable-java-maintainer-mode --with-ecj-jar=/usr/share/java/eclipse-ecj.jar --disable-libjava-multilib --with-isl=/builddir/build/BUILD/gcc-4.8.1-20130603/obj-x86_64-redhat-linux/isl-install --with-cloog=/builddir/build/BUILD/gcc-4.8.1-20130603/obj-x86_64-redhat-linux/cloog-install --with-tune=generic --with-arch_32=i686 --build=x86_64-redhat-linux
Thread model: posix
gcc version 4.8.1 20130603 (Red Hat 4.8.1-1) (GCC) 
configure:2552: $? = 0
configure:2541: gcc -V >&5
gcc: error: unrecognized command line option '-V'
gcc: fatal error: no input files
compilation terminated.
configure:2552: $? = 4
configure:2541: gcc -qversion >&5
gcc: error: unrecognized command line option '-qversion'
gcc: fatal error: no input files
compilation terminated.
configure:2552: $? = 4
configure:2572: checking whether the C compiler works
configure:2594: gcc -O2 -I/home/mike/include -L/home/mike/lib   conftest.c  >&5
configure:2598: $? = 0
configure:2646: result: yes
configure:2649: checking for C compiler default output file name
configure:2651: result: a.out
configure:2657: checking for suffix of executables
configure:2664: gcc -o conftest -O2 -I/home/mike/include -L/home/mike/lib   conftest.c  >&5
configure:2668: $? = 0
configure:2690: result: 
configure:2712: checking whether we are cross compiling
configure:2720: gcc -o conftest -O2 -I/home/mike/include -L/home/mike/lib   conftest.c  >&5
configure:2724: $? = 0
configure:2731: ./conftest
configure:2735: $? = 0
configure:2750: result: no
configure:2755: checking for suffix of object files
configure:2777: gcc -c -O2 -I/home/mike/include -L/home/mike/lib  conftest.c >&5
configure:2781: $? = 0
configure:2802: result: o
configure:2806: checking whether we are using the GNU C compiler
configure:2825: gcc -c -O2 -I/home/mike/include -L/home/mike/lib  conftest.c >&5
configure:2825: $? = 0
configure:2834: result: yes
configure:2843: checking whether gcc accepts -g
configure:2863: gcc -c -g  conftest.c >&5
configure:2863: $? = 0
configure:2904: result: yes
configure:2921: checking for gcc option to accept ISO C89
configure:2984: gcc  -c -O2 -I/home/mike/include -L/home/mike/lib  conftest.c >&5
configure:2984: $? = 0
configure:2997: result: none needed
configure:3017: checking for a sed that does not truncate output
configure:3081: result: /usr/bin/sed
configure:3094: checking whether C compiler accepts -march=native
configure:3113: gcc -c -O2 -I/home/mike/include -L/home/mike/lib  -march=native  conftest.c >&5
configure:3113: $? = 0
configure:3121: result: yes
configure:3129: checking whether C compiler accepts -ffast-math
configure:3148: gcc -march=native -c -O2 -I/home/mike/include -L/home/mike/lib  -ffast-math  conftest.c >&5
configure:3148: $? = 0
configure:3156: result: yes
configure:3164: checking whether C compiler accepts -fomit-frame-pointer
configure:3183: gcc -march=native -c -O2 -I/home/mike/include -L/home/mike/lib -ffast-math  -fomit-frame-pointer  conftest.c >&5
configure:3183: $? = 0
configure:3191: result: yes
configure:3199: checking whether C compiler accepts -std=gnu99
configure:3218: gcc -march=native -c -O2 -I/home/mike/include -L/home/mike/lib -ffast-math -fomit-frame-pointer  -std=gnu99  conftest.c >&5
configure:3218: $? = 0
configure:3226: result: yes
configure:3241: checking how to run the C preprocessor
configure:3272: gcc -march=native -E  conftest.c
configure:3272: $? = 0
configure:3286: gcc -march=native -E  conftest.c
conftest.c:9:28: fatal error: ac_nonexistent.h: No such file or directory
 #include <ac_nonexistent.h>
                            ^
compilation terminated.
configure:3286: $? = 1
configure: failed program was:
| /* confdefs.h */
| #define PACKAGE_NAME "SHTns"
| #define PACKAGE_TARNAME "shtns"
| #define PACKAGE_VERSION "2.3.1"
| #define PACKAGE_STRING "SHTns 2.3.1"
| #define PACKAGE_BUGREPORT ""
| #define PACKAGE_URL "https://bitbucket.org/nschaeff/shtns"
| /* end confdefs.h.  */
| #include <ac_nonexistent.h>
configure:3311: result: gcc -march=native -E
configure:3331: gcc -march=native -E  conftest.c
configure:3331: $? = 0
configure:3345: gcc -march=native -E  conftest.c
conftest.c:9:28: fatal error: ac_nonexistent.h: No such file or directory
 #include <ac_nonexistent.h>
                            ^
compilation terminated.
configure:3345: $? = 1
configure: failed program was:
| /* confdefs.h */
| #define PACKAGE_NAME "SHTns"
| #define PACKAGE_TARNAME "shtns"
| #define PACKAGE_VERSION "2.3.1"
| #define PACKAGE_STRING "SHTns 2.3.1"
| #define PACKAGE_BUGREPORT ""
| #define PACKAGE_URL "https://bitbucket.org/nschaeff/shtns"
| /* end confdefs.h.  */
| #include <ac_nonexistent.h>
configure:3374: checking for grep that handles long lines and -e
configure:3432: result: /usr/bin/grep
configure:3437: checking for egrep
configure:3499: result: /usr/bin/grep -E
configure:3504: checking for ANSI C header files
configure:3524: gcc -march=native -c -O2 -I/home/mike/include -L/home/mike/lib -ffast-math -fomit-frame-pointer -std=gnu99  conftest.c >&5
configure:3524: $? = 0
configure:3597: gcc -march=native -o conftest -O2 -I/home/mike/include -L/home/mike/lib -ffast-math -fomit-frame-pointer -std=gnu99   conftest.c  >&5
configure:3597: $? = 0
configure:3597: ./conftest
configure:3597: $? = 0
configure:3608: result: yes
configure:3621: checking for sys/types.h
configure:3621: gcc -march=native -c -O2 -I/home/mike/include -L/home/mike/lib -ffast-math -fomit-frame-pointer -std=gnu99  conftest.c >&5
configure:3621: $? = 0
configure:3621: result: yes
configure:3621: checking for sys/stat.h
configure:3621: gcc -march=native -c -O2 -I/home/mike/include -L/home/mike/lib -ffast-math -fomit-frame-pointer -std=gnu99  conftest.c >&5
configure:3621: $? = 0
configure:3621: result: yes
configure:3621: checking for stdlib.h
configure:3621: gcc -march=native -c -O2 -I/home/mike/include -L/home/mike/lib -ffast-math -fomit-frame-pointer -std=gnu99  conftest.c >&5
configure:3621: $? = 0
configure:3621: result: yes
configure:3621: checking for string.h
configure:3621: gcc -march=native -c -O2 -I/home/mike/include -L/home/mike/lib -ffast-math -fomit-frame-pointer -std=gnu99  conftest.c >&5
configure:3621: $? = 0
configure:3621: result: yes
configure:3621: checking for memory.h
configure:3621: gcc -march=native -c -O2 -I/home/mike/include -L/home/mike/lib -ffast-math -fomit-frame-pointer -std=gnu99  conftest.c >&5
configure:3621: $? = 0
configure:3621: result: yes
configure:3621: checking for strings.h
configure:3621: gcc -march=native -c -O2 -I/home/mike/include -L/home/mike/lib -ffast-math -fomit-frame-pointer -std=gnu99  conftest.c >&5
configure:3621: $? = 0
configure:3621: result: yes
configure:3621: checking for inttypes.h
configure:3621: gcc -march=native -c -O2 -I/home/mike/include -L/home/mike/lib -ffast-math -fomit-frame-pointer -std=gnu99  conftest.c >&5
configure:3621: $? = 0
configure:3621: result: yes
configure:3621: checking for stdint.h
configure:3621: gcc -march=native -c -O2 -I/home/mike/include -L/home/mike/lib -ffast-math -fomit-frame-pointer -std=gnu99  conftest.c >&5
configure:3621: $? = 0
configure:3621: result: yes
configure:3621: checking for unistd.h
configure:3621: gcc -march=native -c -O2 -I/home/mike/include -L/home/mike/lib -ffast-math -fomit-frame-pointer -std=gnu99  conftest.c >&5
configure:3621: $? = 0
configure:3621: result: yes
configure:3636: checking for stdlib.h
configure:3636: result: yes
configure:3636: checking stdio.h usability
configure:3636: gcc -march=native -c -O2 -I/home/mike/include -L/home/mike/lib -ffast-math -fomit-frame-pointer -std=gnu99  conftest.c >&5
configure:3636: $? = 0
configure:3636: result: yes
configure:3636: checking stdio.h presence
configure:3636: gcc -march=native -E  conftest.c
configure:3636: $? = 0
configure:3636: result: yes
configure:3636: checking for stdio.h
configure:3636: result: yes
configure:3636: checking for string.h
configure:3636: result: yes
configure:3636: checking math.h usability
configure:3636: gcc -march=native -c -O2 -I/home/mike/include -L/home/mike/lib -ffast-math -fomit-frame-pointer -std=gnu99  conftest.c >&5
configure:3636: $? = 0
configure:3636: result: yes
configure:3636: checking math.h presence
configure:3636: gcc -march=native -E  conftest.c
configure:3636: $? = 0
configure:3636: result: yes
configure:3636: checking for math.h
configure:3636: result: yes
configure:3636: checking complex.h usability
configure:3636: gcc -march=native -c -O2 -I/home/mike/include -L/home/mike/lib -ffast-math -fomit-frame-pointer -std=gnu99  conftest.c >&5
configure:3636: $? = 0
configure:3636: result: yes
configure:3636: checking complex.h presence
configure:3636: gcc -march=native -E  conftest.c
configure:3636: $? = 0
configure:3636: result: yes
configure:3636: checking for complex.h
configure:3636: result: yes
configure:3636: checking fftw3.h usability
configure:3636: gcc -march=native -c -O2 -I/home/mike/include -L/home/mike/lib -ffast-math -fomit-frame-pointer -std=gnu99  conftest.c >&5
configure:3636: $? = 0
configure:3636: result: yes
configure:3636: checking fftw3.h presence
configure:3636: gcc -march=native -E  conftest.c
configure:3636: $? = 0
configure:3636: result: yes
configure:3636: checking for fftw3.h
configure:3636: result: yes
configure:3648: checking for cos in -lm
configure:3673: gcc -march=native -o conftest -O2 -I/home/mike/include -L/home/mike/lib -ffast-math -fomit-frame-pointer -std=gnu99   conftest.c -lm   >&5
conftest.c:32:6: warning: conflicting types for built-in function 'cos' [enabled by default]
 char cos ();
      ^
configure:3673: $? = 0
configure:3682: result: yes
configure:3696: checking for clock_gettime in -lrt
configure:3721: gcc -march=native -o conftest -O2 -I/home/mike/include -L/home/mike/lib -ffast-math -fomit-frame-pointer -std=gnu99   conftest.c -lrt  -lm  >&5
configure:3721: $? = 0
configure:3730: result: yes
configure:3792: checking for fftw_plan_many_dft in -lfftw3
configure:3817: gcc -march=native -o conftest -O2 -I/home/mike/include -L/home/mike/lib -ffast-math -fomit-frame-pointer -std=gnu99   conftest.c -lfftw3  -lrt -lm  >&5
configure:3817: $? = 0
configure:3826: result: yes
configure:3860: checking for gcc -march=native option to support OpenMP
configure:3875: gcc -march=native -o conftest -O2 -I/home/mike/include -L/home/mike/lib -ffast-math -fomit-frame-pointer -std=gnu99   conftest.c -lfftw3 -lrt -lm  >&5
conftest.c:30:2: error: unknown type name 'choke'
  choke me
  ^
In file included from conftest.c:32:0:
/usr/lib/gcc/x86_64-redhat-linux/4.8.1/include/omp.h:34:1: error: expected '=', ',', ';', 'asm' or '__attribute__' before 'typedef'
 typedef struct
 ^
configure:3875: $? = 1
configure: failed program was:
| /* confdefs.h */
| #define PACKAGE_NAME "SHTns"
| #define PACKAGE_TARNAME "shtns"
| #define PACKAGE_VERSION "2.3.1"
| #define PACKAGE_STRING "SHTns 2.3.1"
| #define PACKAGE_BUGREPORT ""
| #define PACKAGE_URL "https://bitbucket.org/nschaeff/shtns"
| #define STDC_HEADERS 1
| #define HAVE_SYS_TYPES_H 1
| #define HAVE_SYS_STAT_H 1
| #define HAVE_STDLIB_H 1
| #define HAVE_STRING_H 1
| #define HAVE_MEMORY_H 1
| #define HAVE_STRINGS_H 1
| #define HAVE_INTTYPES_H 1
| #define HAVE_STDINT_H 1
| #define HAVE_UNISTD_H 1
| #define HAVE_STDLIB_H 1
| #define HAVE_STDIO_H 1
| #define HAVE_STRING_H 1
| #define HAVE_MATH_H 1
| #define HAVE_COMPLEX_H 1
| #define HAVE_FFTW3_H 1
| #define HAVE_LIBM 1
| #define HAVE_LIBRT 1
| #define HAVE_LIBFFTW3 1
| /* end confdefs.h.  */
| 
| #ifndef _OPENMP
|  choke me
| #endif
| #include <omp.h>
| int main () { return omp_get_num_threads (); }
| 
configure:3893: gcc -march=native -o conftest -O2 -I/home/mike/include -L/home/mike/lib -ffast-math -fomit-frame-pointer -std=gnu99 -fopenmp   conftest.c -lfftw3 -lrt -lm  >&5
configure:3893: $? = 0
configure:3907: result: -fopenmp
configure:3919: checking for fftw_init_threads in -lfftw3_omp
configure:3944: gcc -march=native -o conftest -O2 -I/home/mike/include -L/home/mike/lib -ffast-math -fomit-frame-pointer -std=gnu99 -fopenmp   conftest.c -lfftw3_omp  -lfftw3 -lrt -lm  >&5
configure:3944: $? = 0
configure:3953: result: yes
configure:3972: checking for python with numpy package
configure:3998: result: python
configure:4104: checking for size_t
configure:4104: gcc -march=native -c -O2 -I/home/mike/include -L/home/mike/lib -ffast-math -fomit-frame-pointer -std=gnu99 -fopenmp -fpic  conftest.c >&5
configure:4104: $? = 0
configure:4104: gcc -march=native -c -O2 -I/home/mike/include -L/home/mike/lib -ffast-math -fomit-frame-pointer -std=gnu99 -fopenmp -fpic  conftest.c >&5
conftest.c: In function 'main':
conftest.c:68:21: error: expected expression before ')' token
 if (sizeof ((size_t)))
                     ^
configure:4104: $? = 1
configure: failed program was:
| /* confdefs.h */
| #define PACKAGE_NAME "SHTns"
| #define PACKAGE_TARNAME "shtns"
| #define PACKAGE_VERSION "2.3.1"
| #define PACKAGE_STRING "SHTns 2.3.1"
| #define PACKAGE_BUGREPORT ""
| #define PACKAGE_URL "https://bitbucket.org/nschaeff/shtns"
| #define STDC_HEADERS 1
| #define HAVE_SYS_TYPES_H 1
| #define HAVE_SYS_STAT_H 1
| #define HAVE_STDLIB_H 1
| #define HAVE_STRING_H 1
| #define HAVE_MEMORY_H 1
| #define HAVE_STRINGS_H 1
| #define HAVE_INTTYPES_H 1
| #define HAVE_STDINT_H 1
| #define HAVE_UNISTD_H 1
| #define HAVE_STDLIB_H 1
| #define HAVE_STDIO_H 1
| #define HAVE_STRING_H 1
| #define HAVE_MATH_H 1
| #define HAVE_COMPLEX_H 1
| #define HAVE_FFTW3_H 1
| #define HAVE_LIBM 1
| #define HAVE_LIBRT 1
| #define HAVE_LIBFFTW3 1
| #define HAVE_LIBFFTW3_OMP 1
| #define SHT_F77_API 1
| #define _GCC_VEC_ 1
| #define SHT_VERBOSE 1
| /* end confdefs.h.  */
| #include <stdio.h>
| #ifdef HAVE_SYS_TYPES_H
| # include <sys/types.h>
| #endif
| #ifdef HAVE_SYS_STAT_H
| # include <sys/stat.h>
| #endif
| #ifdef STDC_HEADERS
| # include <stdlib.h>
| # include <stddef.h>
| #else
| # ifdef HAVE_STDLIB_H
| #  include <stdlib.h>
| # endif
| #endif
| #ifdef HAVE_STRING_H
| # if !defined STDC_HEADERS && defined HAVE_MEMORY_H
| #  include <memory.h>
| # endif
| # include <string.h>
| #endif
| #ifdef HAVE_STRINGS_H
| # include <strings.h>
| #endif
| #ifdef HAVE_INTTYPES_H
| # include <inttypes.h>
| #endif
| #ifdef HAVE_STDINT_H
| # include <stdint.h>
| #endif
| #ifdef HAVE_UNISTD_H
| # include <unistd.h>
| #endif
| int
| main ()
| {
| if (sizeof ((size_t)))
| 	    return 0;
|   ;
|   return 0;
| }
configure:4104: result: yes
configure:4121: checking for fftw_cost
configure:4121: gcc -march=native -o conftest -O2 -I/home/mike/include -L/home/mike/lib -ffast-math -fomit-frame-pointer -std=gnu99 -fopenmp -fpic   conftest.c -lfftw3_omp -lfftw3 -lrt -lm  >&5
configure:4121: $? = 0
configure:4121: result: yes
configure:4132: checking for inline
configure:4148: gcc -march=native -c -O2 -I/home/mike/include -L/home/mike/lib -ffast-math -fomit-frame-pointer -std=gnu99 -fopenmp -fpic  conftest.c >&5
configure:4148: $? = 0
configure:4156: result: inline
configure:4174: checking whether time.h and sys/time.h may both be included
configure:4194: gcc -march=native -c -O2 -I/home/mike/include -L/home/mike/lib -ffast-math -fomit-frame-pointer -std=gnu99 -fopenmp -fpic  conftest.c >&5
configure:4194: $? = 0
configure:4201: result: yes
configure:4212: checking sys/time.h usability
configure:4212: gcc -march=native -c -O2 -I/home/mike/include -L/home/mike/lib -ffast-math -fomit-frame-pointer -std=gnu99 -fopenmp -fpic  conftest.c >&5
configure:4212: $? = 0
configure:4212: result: yes
configure:4212: checking sys/time.h presence
configure:4212: gcc -march=native -E  conftest.c
configure:4212: $? = 0
configure:4212: result: yes
configure:4212: checking for sys/time.h
configure:4212: result: yes
configure:4212: checking c_asm.h usability
configure:4212: gcc -march=native -c -O2 -I/home/mike/include -L/home/mike/lib -ffast-math -fomit-frame-pointer -std=gnu99 -fopenmp -fpic  conftest.c >&5
conftest.c:68:19: fatal error: c_asm.h: No such file or directory
 #include <c_asm.h>
                   ^
compilation terminated.
configure:4212: $? = 1
configure: failed program was:
| /* confdefs.h */
| #define PACKAGE_NAME "SHTns"
| #define PACKAGE_TARNAME "shtns"
| #define PACKAGE_VERSION "2.3.1"
| #define PACKAGE_STRING "SHTns 2.3.1"
| #define PACKAGE_BUGREPORT ""
| #define PACKAGE_URL "https://bitbucket.org/nschaeff/shtns"
| #define STDC_HEADERS 1
| #define HAVE_SYS_TYPES_H 1
| #define HAVE_SYS_STAT_H 1
| #define HAVE_STDLIB_H 1
| #define HAVE_STRING_H 1
| #define HAVE_MEMORY_H 1
| #define HAVE_STRINGS_H 1
| #define HAVE_INTTYPES_H 1
| #define HAVE_STDINT_H 1
| #define HAVE_UNISTD_H 1
| #define HAVE_STDLIB_H 1
| #define HAVE_STDIO_H 1
| #define HAVE_STRING_H 1
| #define HAVE_MATH_H 1
| #define HAVE_COMPLEX_H 1
| #define HAVE_FFTW3_H 1
| #define HAVE_LIBM 1
| #define HAVE_LIBRT 1
| #define HAVE_LIBFFTW3 1
| #define HAVE_LIBFFTW3_OMP 1
| #define SHT_F77_API 1
| #define _GCC_VEC_ 1
| #define SHT_VERBOSE 1
| #define HAVE_FFTW_COST 1
| #define TIME_WITH_SYS_TIME 1
| #define HAVE_SYS_TIME_H 1
| /* end confdefs.h.  */
| #include <stdio.h>
| #ifdef HAVE_SYS_TYPES_H
| # include <sys/types.h>
| #endif
| #ifdef HAVE_SYS_STAT_H
| # include <sys/stat.h>
| #endif
| #ifdef STDC_HEADERS
| # include <stdlib.h>
| # include <stddef.h>
| #else
| # ifdef HAVE_STDLIB_H
| #  include <stdlib.h>
| # endif
| #endif
| #ifdef HAVE_STRING_H
| # if !defined STDC_HEADERS && defined HAVE_MEMORY_H
| #  include <memory.h>
| # endif
| # include <string.h>
| #endif
| #ifdef HAVE_STRINGS_H
| # include <strings.h>
| #endif
| #ifdef HAVE_INTTYPES_H
| # include <inttypes.h>
| #endif
| #ifdef HAVE_STDINT_H
| # include <stdint.h>
| #endif
| #ifdef HAVE_UNISTD_H
| # include <unistd.h>
| #endif
| #include <c_asm.h>
configure:4212: result: no
configure:4212: checking c_asm.h presence
configure:4212: gcc -march=native -E  conftest.c
conftest.c:35:19: fatal error: c_asm.h: No such file or directory
 #include <c_asm.h>
                   ^
compilation terminated.
configure:4212: $? = 1
configure: failed program was:
| /* confdefs.h */
| #define PACKAGE_NAME "SHTns"
| #define PACKAGE_TARNAME "shtns"
| #define PACKAGE_VERSION "2.3.1"
| #define PACKAGE_STRING "SHTns 2.3.1"
| #define PACKAGE_BUGREPORT ""
| #define PACKAGE_URL "https://bitbucket.org/nschaeff/shtns"
| #define STDC_HEADERS 1
| #define HAVE_SYS_TYPES_H 1
| #define HAVE_SYS_STAT_H 1
| #define HAVE_STDLIB_H 1
| #define HAVE_STRING_H 1
| #define HAVE_MEMORY_H 1
| #define HAVE_STRINGS_H 1
| #define HAVE_INTTYPES_H 1
| #define HAVE_STDINT_H 1
| #define HAVE_UNISTD_H 1
| #define HAVE_STDLIB_H 1
| #define HAVE_STDIO_H 1
| #define HAVE_STRING_H 1
| #define HAVE_MATH_H 1
| #define HAVE_COMPLEX_H 1
| #define HAVE_FFTW3_H 1
| #define HAVE_LIBM 1
| #define HAVE_LIBRT 1
| #define HAVE_LIBFFTW3 1
| #define HAVE_LIBFFTW3_OMP 1
| #define SHT_F77_API 1
| #define _GCC_VEC_ 1
| #define SHT_VERBOSE 1
| #define HAVE_FFTW_COST 1
| #define TIME_WITH_SYS_TIME 1
| #define HAVE_SYS_TIME_H 1
| /* end confdefs.h.  */
| #include <c_asm.h>
configure:4212: result: no
configure:4212: checking for c_asm.h
configure:4212: result: no
configure:4212: checking intrinsics.h usability
configure:4212: gcc -march=native -c -O2 -I/home/mike/include -L/home/mike/lib -ffast-math -fomit-frame-pointer -std=gnu99 -fopenmp -fpic  conftest.c >&5
conftest.c:68:24: fatal error: intrinsics.h: No such file or directory
 #include <intrinsics.h>
                        ^
compilation terminated.
configure:4212: $? = 1
configure: failed program was:
| /* confdefs.h */
| #define PACKAGE_NAME "SHTns"
| #define PACKAGE_TARNAME "shtns"
| #define PACKAGE_VERSION "2.3.1"
| #define PACKAGE_STRING "SHTns 2.3.1"
| #define PACKAGE_BUGREPORT ""
| #define PACKAGE_URL "https://bitbucket.org/nschaeff/shtns"
| #define STDC_HEADERS 1
| #define HAVE_SYS_TYPES_H 1
| #define HAVE_SYS_STAT_H 1
| #define HAVE_STDLIB_H 1
| #define HAVE_STRING_H 1
| #define HAVE_MEMORY_H 1
| #define HAVE_STRINGS_H 1
| #define HAVE_INTTYPES_H 1
| #define HAVE_STDINT_H 1
| #define HAVE_UNISTD_H 1
| #define HAVE_STDLIB_H 1
| #define HAVE_STDIO_H 1
| #define HAVE_STRING_H 1
| #define HAVE_MATH_H 1
| #define HAVE_COMPLEX_H 1
| #define HAVE_FFTW3_H 1
| #define HAVE_LIBM 1
| #define HAVE_LIBRT 1
| #define HAVE_LIBFFTW3 1
| #define HAVE_LIBFFTW3_OMP 1
| #define SHT_F77_API 1
| #define _GCC_VEC_ 1
| #define SHT_VERBOSE 1
| #define HAVE_FFTW_COST 1
| #define TIME_WITH_SYS_TIME 1
| #define HAVE_SYS_TIME_H 1
| /* end confdefs.h.  */
| #include <stdio.h>
| #ifdef HAVE_SYS_TYPES_H
| # include <sys/types.h>
| #endif
| #ifdef HAVE_SYS_STAT_H
| # include <sys/stat.h>
| #endif
| #ifdef STDC_HEADERS
| # include <stdlib.h>
| # include <stddef.h>
| #else
| # ifdef HAVE_STDLIB_H
| #  include <stdlib.h>
| # endif
| #endif
| #ifdef HAVE_STRING_H
| # if !defined STDC_HEADERS && defined HAVE_MEMORY_H
| #  include <memory.h>
| # endif
| # include <string.h>
| #endif
| #ifdef HAVE_STRINGS_H
| # include <strings.h>
| #endif
| #ifdef HAVE_INTTYPES_H
| # include <inttypes.h>
| #endif
| #ifdef HAVE_STDINT_H
| # include <stdint.h>
| #endif
| #ifdef HAVE_UNISTD_H
| # include <unistd.h>
| #endif
| #include <intrinsics.h>
configure:4212: result: no
configure:4212: checking intrinsics.h presence
configure:4212: gcc -march=native -E  conftest.c
conftest.c:35:24: fatal error: intrinsics.h: No such file or directory
 #include <intrinsics.h>
                        ^
compilation terminated.
configure:4212: $? = 1
configure: failed program was:
| /* confdefs.h */
| #define PACKAGE_NAME "SHTns"
| #define PACKAGE_TARNAME "shtns"
| #define PACKAGE_VERSION "2.3.1"
| #define PACKAGE_STRING "SHTns 2.3.1"
| #define PACKAGE_BUGREPORT ""
| #define PACKAGE_URL "https://bitbucket.org/nschaeff/shtns"
| #define STDC_HEADERS 1
| #define HAVE_SYS_TYPES_H 1
| #define HAVE_SYS_STAT_H 1
| #define HAVE_STDLIB_H 1
| #define HAVE_STRING_H 1
| #define HAVE_MEMORY_H 1
| #define HAVE_STRINGS_H 1
| #define HAVE_INTTYPES_H 1
| #define HAVE_STDINT_H 1
| #define HAVE_UNISTD_H 1
| #define HAVE_STDLIB_H 1
| #define HAVE_STDIO_H 1
| #define HAVE_STRING_H 1
| #define HAVE_MATH_H 1
| #define HAVE_COMPLEX_H 1
| #define HAVE_FFTW3_H 1
| #define HAVE_LIBM 1
| #define HAVE_LIBRT 1
| #define HAVE_LIBFFTW3 1
| #define HAVE_LIBFFTW3_OMP 1
| #define SHT_F77_API 1
| #define _GCC_VEC_ 1
| #define SHT_VERBOSE 1
| #define HAVE_FFTW_COST 1
| #define TIME_WITH_SYS_TIME 1
| #define HAVE_SYS_TIME_H 1
| /* end confdefs.h.  */
| #include <intrinsics.h>
configure:4212: result: no
configure:4212: checking for intrinsics.h
configure:4212: result: no
configure:4212: checking mach/mach_time.h usability
configure:4212: gcc -march=native -c -O2 -I/home/mike/include -L/home/mike/lib -ffast-math -fomit-frame-pointer -std=gnu99 -fopenmp -fpic  conftest.c >&5
conftest.c:68:28: fatal error: mach/mach_time.h: No such file or directory
 #include <mach/mach_time.h>
                            ^
compilation terminated.
configure:4212: $? = 1
configure: failed program was:
| /* confdefs.h */
| #define PACKAGE_NAME "SHTns"
| #define PACKAGE_TARNAME "shtns"
| #define PACKAGE_VERSION "2.3.1"
| #define PACKAGE_STRING "SHTns 2.3.1"
| #define PACKAGE_BUGREPORT ""
| #define PACKAGE_URL "https://bitbucket.org/nschaeff/shtns"
| #define STDC_HEADERS 1
| #define HAVE_SYS_TYPES_H 1
| #define HAVE_SYS_STAT_H 1
| #define HAVE_STDLIB_H 1
| #define HAVE_STRING_H 1
| #define HAVE_MEMORY_H 1
| #define HAVE_STRINGS_H 1
| #define HAVE_INTTYPES_H 1
| #define HAVE_STDINT_H 1
| #define HAVE_UNISTD_H 1
| #define HAVE_STDLIB_H 1
| #define HAVE_STDIO_H 1
| #define HAVE_STRING_H 1
| #define HAVE_MATH_H 1
| #define HAVE_COMPLEX_H 1
| #define HAVE_FFTW3_H 1
| #define HAVE_LIBM 1
| #define HAVE_LIBRT 1
| #define HAVE_LIBFFTW3 1
| #define HAVE_LIBFFTW3_OMP 1
| #define SHT_F77_API 1
| #define _GCC_VEC_ 1
| #define SHT_VERBOSE 1
| #define HAVE_FFTW_COST 1
| #define TIME_WITH_SYS_TIME 1
| #define HAVE_SYS_TIME_H 1
| /* end confdefs.h.  */
| #include <stdio.h>
| #ifdef HAVE_SYS_TYPES_H
| # include <sys/types.h>
| #endif
| #ifdef HAVE_SYS_STAT_H
| # include <sys/stat.h>
| #endif
| #ifdef STDC_HEADERS
| # include <stdlib.h>
| # include <stddef.h>
| #else
| # ifdef HAVE_STDLIB_H
| #  include <stdlib.h>
| # endif
| #endif
| #ifdef HAVE_STRING_H
| # if !defined STDC_HEADERS && defined HAVE_MEMORY_H
| #  include <memory.h>
| # endif
| # include <string.h>
| #endif
| #ifdef HAVE_STRINGS_H
| # include <strings.h>
| #endif
| #ifdef HAVE_INTTYPES_H
| # include <inttypes.h>
| #endif
| #ifdef HAVE_STDINT_H
| # include <stdint.h>
| #endif
| #ifdef HAVE_UNISTD_H
| # include <unistd.h>
| #endif
| #include <mach/mach_time.h>
configure:4212: result: no
configure:4212: checking mach/mach_time.h presence
configure:4212: gcc -march=native -E  conftest.c
conftest.c:35:28: fatal error: mach/mach_time.h: No such file or directory
 #include <mach/mach_time.h>
                            ^
compilation terminated.
configure:4212: $? = 1
configure: failed program was:
| /* confdefs.h */
| #define PACKAGE_NAME "SHTns"
| #define PACKAGE_TARNAME "shtns"
| #define PACKAGE_VERSION "2.3.1"
| #define PACKAGE_STRING "SHTns 2.3.1"
| #define PACKAGE_BUGREPORT ""
| #define PACKAGE_URL "https://bitbucket.org/nschaeff/shtns"
| #define STDC_HEADERS 1
| #define HAVE_SYS_TYPES_H 1
| #define HAVE_SYS_STAT_H 1
| #define HAVE_STDLIB_H 1
| #define HAVE_STRING_H 1
| #define HAVE_MEMORY_H 1
| #define HAVE_STRINGS_H 1
| #define HAVE_INTTYPES_H 1
| #define HAVE_STDINT_H 1
| #define HAVE_UNISTD_H 1
| #define HAVE_STDLIB_H 1
| #define HAVE_STDIO_H 1
| #define HAVE_STRING_H 1
| #define HAVE_MATH_H 1
| #define HAVE_COMPLEX_H 1
| #define HAVE_FFTW3_H 1
| #define HAVE_LIBM 1
| #define HAVE_LIBRT 1
| #define HAVE_LIBFFTW3 1
| #define HAVE_LIBFFTW3_OMP 1
| #define SHT_F77_API 1
| #define _GCC_VEC_ 1
| #define SHT_VERBOSE 1
| #define HAVE_FFTW_COST 1
| #define TIME_WITH_SYS_TIME 1
| #define HAVE_SYS_TIME_H 1
| /* end confdefs.h.  */
| #include <mach/mach_time.h>
configure:4212: result: no
configure:4212: checking for mach/mach_time.h
configure:4212: result: no
configure:4223: checking for hrtime_t
configure:4223: gcc -march=native -c -O2 -I/home/mike/include -L/home/mike/lib -ffast-math -fomit-frame-pointer -std=gnu99 -fopenmp -fpic  conftest.c >&5
conftest.c: In function 'main':
conftest.c:42:13: error: 'hrtime_t' undeclared (first use in this function)
 if (sizeof (hrtime_t))
             ^
conftest.c:42:13: note: each undeclared identifier is reported only once for each function it appears in
configure:4223: $? = 1
configure: failed program was:
| /* confdefs.h */
| #define PACKAGE_NAME "SHTns"
| #define PACKAGE_TARNAME "shtns"
| #define PACKAGE_VERSION "2.3.1"
| #define PACKAGE_STRING "SHTns 2.3.1"
| #define PACKAGE_BUGREPORT ""
| #define PACKAGE_URL "https://bitbucket.org/nschaeff/shtns"
| #define STDC_HEADERS 1
| #define HAVE_SYS_TYPES_H 1
| #define HAVE_SYS_STAT_H 1
| #define HAVE_STDLIB_H 1
| #define HAVE_STRING_H 1
| #define HAVE_MEMORY_H 1
| #define HAVE_STRINGS_H 1
| #define HAVE_INTTYPES_H 1
| #define HAVE_STDINT_H 1
| #define HAVE_UNISTD_H 1
| #define HAVE_STDLIB_H 1
| #define HAVE_STDIO_H 1
| #define HAVE_STRING_H 1
| #define HAVE_MATH_H 1
| #define HAVE_COMPLEX_H 1
| #define HAVE_FFTW3_H 1
| #define HAVE_LIBM 1
| #define HAVE_LIBRT 1
| #define HAVE_LIBFFTW3 1
| #define HAVE_LIBFFTW3_OMP 1
| #define SHT_F77_API 1
| #define _GCC_VEC_ 1
| #define SHT_VERBOSE 1
| #define HAVE_FFTW_COST 1
| #define TIME_WITH_SYS_TIME 1
| #define HAVE_SYS_TIME_H 1
| /* end confdefs.h.  */
| #if HAVE_SYS_TIME_H
| #include <sys/time.h>
| #endif
| 
| int
| main ()
| {
| if (sizeof (hrtime_t))
| 	 return 0;
|   ;
|   return 0;
| }
configure:4223: result: no
configure:4237: checking for gethrtime
configure:4237: gcc -march=native -o conftest -O2 -I/home/mike/include -L/home/mike/lib -ffast-math -fomit-frame-pointer -std=gnu99 -fopenmp -fpic   conftest.c -lfftw3_omp -lfftw3 -lrt -lm  >&5
/tmp/cc0zeBhF.o: In function `main':
conftest.c:(.text.startup+0x7): undefined reference to `gethrtime'
collect2: error: ld returned 1 exit status
configure:4237: $? = 1
configure: failed program was:
| /* confdefs.h */
| #define PACKAGE_NAME "SHTns"
| #define PACKAGE_TARNAME "shtns"
| #define PACKAGE_VERSION "2.3.1"
| #define PACKAGE_STRING "SHTns 2.3.1"
| #define PACKAGE_BUGREPORT ""
| #define PACKAGE_URL "https://bitbucket.org/nschaeff/shtns"
| #define STDC_HEADERS 1
| #define HAVE_SYS_TYPES_H 1
| #define HAVE_SYS_STAT_H 1
| #define HAVE_STDLIB_H 1
| #define HAVE_STRING_H 1
| #define HAVE_MEMORY_H 1
| #define HAVE_STRINGS_H 1
| #define HAVE_INTTYPES_H 1
| #define HAVE_STDINT_H 1
| #define HAVE_UNISTD_H 1
| #define HAVE_STDLIB_H 1
| #define HAVE_STDIO_H 1
| #define HAVE_STRING_H 1
| #define HAVE_MATH_H 1
| #define HAVE_COMPLEX_H 1
| #define HAVE_FFTW3_H 1
| #define HAVE_LIBM 1
| #define HAVE_LIBRT 1
| #define HAVE_LIBFFTW3 1
| #define HAVE_LIBFFTW3_OMP 1
| #define SHT_F77_API 1
| #define _GCC_VEC_ 1
| #define SHT_VERBOSE 1
| #define HAVE_FFTW_COST 1
| #define TIME_WITH_SYS_TIME 1
| #define HAVE_SYS_TIME_H 1
| /* end confdefs.h.  */
| /* Define gethrtime to an innocuous variant, in case <limits.h> declares gethrtime.
|    For example, HP-UX 11i <limits.h> declares gettimeofday.  */
| #define gethrtime innocuous_gethrtime
| 
| /* System header to define __stub macros and hopefully few prototypes,
|     which can conflict with char gethrtime (); below.
|     Prefer <limits.h> to <assert.h> if __STDC__ is defined, since
|     <limits.h> exists even on freestanding compilers.  */
| 
| #ifdef __STDC__
| # include <limits.h>
| #else
| # include <assert.h>
| #endif
| 
| #undef gethrtime
| 
| /* Override any GCC internal prototype to avoid an error.
|    Use char because int might match the return type of a GCC
|    builtin and then its argument prototype would still apply.  */
| #ifdef __cplusplus
| extern "C"
| #endif
| char gethrtime ();
| /* The GNU C library defines this for functions which it implements
|     to always fail with ENOSYS.  Some functions are actually named
|     something starting with __ and the normal name is an alias.  */
| #if defined __stub_gethrtime || defined __stub___gethrtime
| choke me
| #endif
| 
| int
| main ()
| {
| return gethrtime ();
|   ;
|   return 0;
| }
configure:4237: result: no
configure:4237: checking for read_real_time
configure:4237: gcc -march=native -o conftest -O2 -I/home/mike/include -L/home/mike/lib -ffast-math -fomit-frame-pointer -std=gnu99 -fopenmp -fpic   conftest.c -lfftw3_omp -lfftw3 -lrt -lm  >&5
/tmp/cc1LEdGM.o: In function `main':
conftest.c:(.text.startup+0x7): undefined reference to `read_real_time'
collect2: error: ld returned 1 exit status
configure:4237: $? = 1
configure: failed program was:
| /* confdefs.h */
| #define PACKAGE_NAME "SHTns"
| #define PACKAGE_TARNAME "shtns"
| #define PACKAGE_VERSION "2.3.1"
| #define PACKAGE_STRING "SHTns 2.3.1"
| #define PACKAGE_BUGREPORT ""
| #define PACKAGE_URL "https://bitbucket.org/nschaeff/shtns"
| #define STDC_HEADERS 1
| #define HAVE_SYS_TYPES_H 1
| #define HAVE_SYS_STAT_H 1
| #define HAVE_STDLIB_H 1
| #define HAVE_STRING_H 1
| #define HAVE_MEMORY_H 1
| #define HAVE_STRINGS_H 1
| #define HAVE_INTTYPES_H 1
| #define HAVE_STDINT_H 1
| #define HAVE_UNISTD_H 1
| #define HAVE_STDLIB_H 1
| #define HAVE_STDIO_H 1
| #define HAVE_STRING_H 1
| #define HAVE_MATH_H 1
| #define HAVE_COMPLEX_H 1
| #define HAVE_FFTW3_H 1
| #define HAVE_LIBM 1
| #define HAVE_LIBRT 1
| #define HAVE_LIBFFTW3 1
| #define HAVE_LIBFFTW3_OMP 1
| #define SHT_F77_API 1
| #define _GCC_VEC_ 1
| #define SHT_VERBOSE 1
| #define HAVE_FFTW_COST 1
| #define TIME_WITH_SYS_TIME 1
| #define HAVE_SYS_TIME_H 1
| /* end confdefs.h.  */
| /* Define read_real_time to an innocuous variant, in case <limits.h> declares read_real_time.
|    For example, HP-UX 11i <limits.h> declares gettimeofday.  */
| #define read_real_time innocuous_read_real_time
| 
| /* System header to define __stub macros and hopefully few prototypes,
|     which can conflict with char read_real_time (); below.
|     Prefer <limits.h> to <assert.h> if __STDC__ is defined, since
|     <limits.h> exists even on freestanding compilers.  */
| 
| #ifdef __STDC__
| # include <limits.h>
| #else
| # include <assert.h>
| #endif
| 
| #undef read_real_time
| 
| /* Override any GCC internal prototype to avoid an error.
|    Use char because int might match the return type of a GCC
|    builtin and then its argument prototype would still apply.  */
| #ifdef __cplusplus
| extern "C"
| #endif
| char read_real_time ();
| /* The GNU C library defines this for functions which it implements
|     to always fail with ENOSYS.  Some functions are actually named
|     something starting with __ and the normal name is an alias.  */
| #if defined __stub_read_real_time || defined __stub___read_real_time
| choke me
| #endif
| 
| int
| main ()
| {
| return read_real_time ();
|   ;
|   return 0;
| }
configure:4237: result: no
configure:4237: checking for time_base_to_time
configure:4237: gcc -march=native -o conftest -O2 -I/home/mike/include -L/home/mike/lib -ffast-math -fomit-frame-pointer -std=gnu99 -fopenmp -fpic   conftest.c -lfftw3_omp -lfftw3 -lrt -lm  >&5
/tmp/ccCxqhoU.o: In function `main':
conftest.c:(.text.startup+0x7): undefined reference to `time_base_to_time'
collect2: error: ld returned 1 exit status
configure:4237: $? = 1
configure: failed program was:
| /* confdefs.h */
| #define PACKAGE_NAME "SHTns"
| #define PACKAGE_TARNAME "shtns"
| #define PACKAGE_VERSION "2.3.1"
| #define PACKAGE_STRING "SHTns 2.3.1"
| #define PACKAGE_BUGREPORT ""
| #define PACKAGE_URL "https://bitbucket.org/nschaeff/shtns"
| #define STDC_HEADERS 1
| #define HAVE_SYS_TYPES_H 1
| #define HAVE_SYS_STAT_H 1
| #define HAVE_STDLIB_H 1
| #define HAVE_STRING_H 1
| #define HAVE_MEMORY_H 1
| #define HAVE_STRINGS_H 1
| #define HAVE_INTTYPES_H 1
| #define HAVE_STDINT_H 1
| #define HAVE_UNISTD_H 1
| #define HAVE_STDLIB_H 1
| #define HAVE_STDIO_H 1
| #define HAVE_STRING_H 1
| #define HAVE_MATH_H 1
| #define HAVE_COMPLEX_H 1
| #define HAVE_FFTW3_H 1
| #define HAVE_LIBM 1
| #define HAVE_LIBRT 1
| #define HAVE_LIBFFTW3 1
| #define HAVE_LIBFFTW3_OMP 1
| #define SHT_F77_API 1
| #define _GCC_VEC_ 1
| #define SHT_VERBOSE 1
| #define HAVE_FFTW_COST 1
| #define TIME_WITH_SYS_TIME 1
| #define HAVE_SYS_TIME_H 1
| /* end confdefs.h.  */
| /* Define time_base_to_time to an innocuous variant, in case <limits.h> declares time_base_to_time.
|    For example, HP-UX 11i <limits.h> declares gettimeofday.  */
| #define time_base_to_time innocuous_time_base_to_time
| 
| /* System header to define __stub macros and hopefully few prototypes,
|     which can conflict with char time_base_to_time (); below.
|     Prefer <limits.h> to <assert.h> if __STDC__ is defined, since
|     <limits.h> exists even on freestanding compilers.  */
| 
| #ifdef __STDC__
| # include <limits.h>
| #else
| # include <assert.h>
| #endif
| 
| #undef time_base_to_time
| 
| /* Override any GCC internal prototype to avoid an error.
|    Use char because int might match the return type of a GCC
|    builtin and then its argument prototype would still apply.  */
| #ifdef __cplusplus
| extern "C"
| #endif
| char time_base_to_time ();
| /* The GNU C library defines this for functions which it implements
|     to always fail with ENOSYS.  Some functions are actually named
|     something starting with __ and the normal name is an alias.  */
| #if defined __stub_time_base_to_time || defined __stub___time_base_to_time
| choke me
| #endif
| 
| int
| main ()
| {
| return time_base_to_time ();
|   ;
|   return 0;
| }
configure:4237: result: no
configure:4237: checking for clock_gettime
configure:4237: gcc -march=native -o conftest -O2 -I/home/mike/include -L/home/mike/lib -ffast-math -fomit-frame-pointer -std=gnu99 -fopenmp -fpic   conftest.c -lfftw3_omp -lfftw3 -lrt -lm  >&5
configure:4237: $? = 0
configure:4237: result: yes
configure:4237: checking for mach_absolute_time
configure:4237: gcc -march=native -o conftest -O2 -I/home/mike/include -L/home/mike/lib -ffast-math -fomit-frame-pointer -std=gnu99 -fopenmp -fpic   conftest.c -lfftw3_omp -lfftw3 -lrt -lm  >&5
/tmp/ccTm8CU8.o: In function `main':
conftest.c:(.text.startup+0x7): undefined reference to `mach_absolute_time'
collect2: error: ld returned 1 exit status
configure:4237: $? = 1
configure: failed program was:
| /* confdefs.h */
| #define PACKAGE_NAME "SHTns"
| #define PACKAGE_TARNAME "shtns"
| #define PACKAGE_VERSION "2.3.1"
| #define PACKAGE_STRING "SHTns 2.3.1"
| #define PACKAGE_BUGREPORT ""
| #define PACKAGE_URL "https://bitbucket.org/nschaeff/shtns"
| #define STDC_HEADERS 1
| #define HAVE_SYS_TYPES_H 1
| #define HAVE_SYS_STAT_H 1
| #define HAVE_STDLIB_H 1
| #define HAVE_STRING_H 1
| #define HAVE_MEMORY_H 1
| #define HAVE_STRINGS_H 1
| #define HAVE_INTTYPES_H 1
| #define HAVE_STDINT_H 1
| #define HAVE_UNISTD_H 1
| #define HAVE_STDLIB_H 1
| #define HAVE_STDIO_H 1
| #define HAVE_STRING_H 1
| #define HAVE_MATH_H 1
| #define HAVE_COMPLEX_H 1
| #define HAVE_FFTW3_H 1
| #define HAVE_LIBM 1
| #define HAVE_LIBRT 1
| #define HAVE_LIBFFTW3 1
| #define HAVE_LIBFFTW3_OMP 1
| #define SHT_F77_API 1
| #define _GCC_VEC_ 1
| #define SHT_VERBOSE 1
| #define HAVE_FFTW_COST 1
| #define TIME_WITH_SYS_TIME 1
| #define HAVE_SYS_TIME_H 1
| #define HAVE_CLOCK_GETTIME 1
| /* end confdefs.h.  */
| /* Define mach_absolute_time to an innocuous variant, in case <limits.h> declares mach_absolute_time.
|    For example, HP-UX 11i <limits.h> declares gettimeofday.  */
| #define mach_absolute_time innocuous_mach_absolute_time
| 
| /* System header to define __stub macros and hopefully few prototypes,
|     which can conflict with char mach_absolute_time (); below.
|     Prefer <limits.h> to <assert.h> if __STDC__ is defined, since
|     <limits.h> exists even on freestanding compilers.  */
| 
| #ifdef __STDC__
| # include <limits.h>
| #else
| # include <assert.h>
| #endif
| 
| #undef mach_absolute_time
| 
| /* Override any GCC internal prototype to avoid an error.
|    Use char because int might match the return type of a GCC
|    builtin and then its argument prototype would still apply.  */
| #ifdef __cplusplus
| extern "C"
| #endif
| char mach_absolute_time ();
| /* The GNU C library defines this for functions which it implements
|     to always fail with ENOSYS.  Some functions are actually named
|     something starting with __ and the normal name is an alias.  */
| #if defined __stub_mach_absolute_time || defined __stub___mach_absolute_time
| choke me
| #endif
| 
| int
| main ()
| {
| return mach_absolute_time ();
|   ;
|   return 0;
| }
configure:4237: result: no
configure:4247: checking for _rtc intrinsic
configure:4263: gcc -march=native -o conftest -O2 -I/home/mike/include -L/home/mike/lib -ffast-math -fomit-frame-pointer -std=gnu99 -fopenmp -fpic   conftest.c -lfftw3_omp -lfftw3 -lrt -lm  >&5
conftest.c: In function 'main':
conftest.c:42:1: warning: implicit declaration of function '_rtc' [-Wimplicit-function-declaration]
 _rtc()
 ^
/tmp/ccX3NBPf.o: In function `main':
conftest.c:(.text.startup+0x7): undefined reference to `_rtc'
collect2: error: ld returned 1 exit status
configure:4263: $? = 1
configure: failed program was:
| /* confdefs.h */
| #define PACKAGE_NAME "SHTns"
| #define PACKAGE_TARNAME "shtns"
| #define PACKAGE_VERSION "2.3.1"
| #define PACKAGE_STRING "SHTns 2.3.1"
| #define PACKAGE_BUGREPORT ""
| #define PACKAGE_URL "https://bitbucket.org/nschaeff/shtns"
| #define STDC_HEADERS 1
| #define HAVE_SYS_TYPES_H 1
| #define HAVE_SYS_STAT_H 1
| #define HAVE_STDLIB_H 1
| #define HAVE_STRING_H 1
| #define HAVE_MEMORY_H 1
| #define HAVE_STRINGS_H 1
| #define HAVE_INTTYPES_H 1
| #define HAVE_STDINT_H 1
| #define HAVE_UNISTD_H 1
| #define HAVE_STDLIB_H 1
| #define HAVE_STDIO_H 1
| #define HAVE_STRING_H 1
| #define HAVE_MATH_H 1
| #define HAVE_COMPLEX_H 1
| #define HAVE_FFTW3_H 1
| #define HAVE_LIBM 1
| #define HAVE_LIBRT 1
| #define HAVE_LIBFFTW3 1
| #define HAVE_LIBFFTW3_OMP 1
| #define SHT_F77_API 1
| #define _GCC_VEC_ 1
| #define SHT_VERBOSE 1
| #define HAVE_FFTW_COST 1
| #define TIME_WITH_SYS_TIME 1
| #define HAVE_SYS_TIME_H 1
| #define HAVE_CLOCK_GETTIME 1
| /* end confdefs.h.  */
| #ifdef HAVE_INTRINSICS_H
| #include <intrinsics.h>
| #endif
| int
| main ()
| {
| _rtc()
|   ;
|   return 0;
| }
configure:4272: result: no
configure:4395: creating ./config.status

## ---------------------- ##
## Running config.status. ##
## ---------------------- ##

This file was extended by SHTns config.status 2.3.1, which was
generated by GNU Autoconf 2.69.  Invocation command line was

  CONFIG_FILES    = 
  CONFIG_HEADERS  = 
  CONFIG_LINKS    = 
  CONFIG_COMMANDS = 
  $ ./config.status 

on localhost.localdomain

config.status:823: creating Makefile
config.status:823: creating setup.py
config.status:823: creating sht_config.h
config.status:993: sht_config.h is unchanged

## ---------------- ##
## Cache variables. ##
## ---------------- ##

ac_cv_c_compiler_gnu=yes
ac_cv_c_inline=inline
ac_cv_env_CC_set=
ac_cv_env_CC_value=
ac_cv_env_CFLAGS_set=
ac_cv_env_CFLAGS_value=
ac_cv_env_CPPFLAGS_set=
ac_cv_env_CPPFLAGS_value=
ac_cv_env_CPP_set=
ac_cv_env_CPP_value=
ac_cv_env_LDFLAGS_set=
ac_cv_env_LDFLAGS_value=
ac_cv_env_LIBS_set=
ac_cv_env_LIBS_value=
ac_cv_env_PYTHON_set=
ac_cv_env_PYTHON_value=
ac_cv_env_build_alias_set=
ac_cv_env_build_alias_value=
ac_cv_env_host_alias_set=
ac_cv_env_host_alias_value=
ac_cv_env_target_alias_set=
ac_cv_env_target_alias_value=
ac_cv_func_clock_gettime=yes
ac_cv_func_fftw_cost=yes
ac_cv_func_gethrtime=no
ac_cv_func_mach_absolute_time=no
ac_cv_func_read_real_time=no
ac_cv_func_time_base_to_time=no
ac_cv_header_c_asm_h=no
ac_cv_header_complex_h=yes
ac_cv_header_fftw3_h=yes
ac_cv_header_intrinsics_h=no
ac_cv_header_inttypes_h=yes
ac_cv_header_mach_mach_time_h=no
ac_cv_header_math_h=yes
ac_cv_header_memory_h=yes
ac_cv_header_stdc=yes
ac_cv_header_stdint_h=yes
ac_cv_header_stdio_h=yes
ac_cv_header_stdlib_h=yes
ac_cv_header_string_h=yes
ac_cv_header_strings_h=yes
ac_cv_header_sys_stat_h=yes
ac_cv_header_sys_time_h=yes
ac_cv_header_sys_types_h=yes
ac_cv_header_time=yes
ac_cv_header_unistd_h=yes
ac_cv_lib_fftw3_fftw_plan_many_dft=yes
ac_cv_lib_fftw3_omp_fftw_init_threads=yes
ac_cv_lib_m_cos=yes
ac_cv_lib_rt_clock_gettime=yes
ac_cv_objext=o
ac_cv_path_EGREP='/usr/bin/grep -E'
ac_cv_path_GREP=/usr/bin/grep
ac_cv_path_SED=/usr/bin/sed
ac_cv_prog_CPP='gcc -march=native -E'
ac_cv_prog_ac_ct_CC=gcc
ac_cv_prog_c_openmp=-fopenmp
ac_cv_prog_cc_c89=
ac_cv_prog_cc_g=yes
ac_cv_type_hrtime_t=no
ac_cv_type_size_t=yes
ax_cv_check_cflags___ffast_math=yes
ax_cv_check_cflags___fomit_frame_pointer=yes
ax_cv_check_cflags___march_native=yes
ax_cv_check_cflags___std_gnu99=yes

## ----------------- ##
## Output variables. ##
## ----------------- ##

CC='gcc -march=native'
CFLAGS='-O2 -I/home/mike/include -L/home/mike/lib -ffast-math -fomit-frame-pointer -std=gnu99 -fopenmp -fpic'
CPP='gcc -march=native -E'
CPPFLAGS=''
DEFS='-DHAVE_CONFIG_H'
ECHO_C=''
ECHO_N='-n'
ECHO_T=''
EGREP='/usr/bin/grep -E'
EXEEXT=''
GREP='/usr/bin/grep'
LDFLAGS=''
LIBOBJS=''
LIBS='-lfftw3_omp -lfftw3 -lrt -lm '
LTLIBOBJS=''
OBJEXT='o'
OPENMP_CFLAGS='-fopenmp'
PACKAGE_BUGREPORT=''
PACKAGE_NAME='SHTns'
PACKAGE_STRING='SHTns 2.3.1'
PACKAGE_TARNAME='shtns'
PACKAGE_URL='https://bitbucket.org/nschaeff/shtns'
PACKAGE_VERSION='2.3.1'
PATH_SEPARATOR=':'
PYTHON='python'
SED='/usr/bin/sed'
SHELL='/bin/sh'
ac_ct_CC='gcc'
bindir='${exec_prefix}/bin'
build_alias=''
datadir='${datarootdir}'
datarootdir='${prefix}/share'
docdir='${datarootdir}/doc/${PACKAGE_TARNAME}'
dvidir='${docdir}'
exec_prefix='${prefix}'
host_alias=''
htmldir='${docdir}'
includedir='${prefix}/include'
infodir='${datarootdir}/info'
install='install-py'
libdir='${exec_prefix}/lib'
libexecdir='${exec_prefix}/libexec'
localedir='${datarootdir}/locale'
localstatedir='${prefix}/var'
mandir='${datarootdir}/man'
numpy_inc='/usr/lib64/python2.7/site-packages/numpy/core/include'
oldincludedir='/usr/include'
pdfdir='${docdir}'
prefix='/home/mike'
program_transform_name='s,x,x,'
psdir='${docdir}'
python_inc='/usr/include/python2.7'
sbindir='${exec_prefix}/sbin'
sharedstatedir='${prefix}/com'
sysconfdir='${prefix}/etc'
target='_shtns.so'
target_alias=''

## ----------- ##
## confdefs.h. ##
## ----------- ##

/* confdefs.h */
#define PACKAGE_NAME "SHTns"
#define PACKAGE_TARNAME "shtns"
#define PACKAGE_VERSION "2.3.1"
#define PACKAGE_STRING "SHTns 2.3.1"
#define PACKAGE_BUGREPORT ""
#define PACKAGE_URL "https://bitbucket.org/nschaeff/shtns"
#define STDC_HEADERS 1
#define HAVE_SYS_TYPES_H 1
#define HAVE_SYS_STAT_H 1
#define HAVE_STDLIB_H 1
#define HAVE_STRING_H 1
#define HAVE_MEMORY_H 1
#define HAVE_STRINGS_H 1
#define HAVE_INTTYPES_H 1
#define HAVE_STDINT_H 1
#define HAVE_UNISTD_H 1
#define HAVE_STDLIB_H 1
#define HAVE_STDIO_H 1
#define HAVE_STRING_H 1
#define HAVE_MATH_H 1
#define HAVE_COMPLEX_H 1
#define HAVE_FFTW3_H 1
#define HAVE_LIBM 1
#define HAVE_LIBRT 1
#define HAVE_LIBFFTW3 1
#define HAVE_LIBFFTW3_OMP 1
#define SHT_F77_API 1
#define _GCC_VEC_ 1
#define SHT_VERBOSE 1
#define HAVE_FFTW_COST 1
#define TIME_WITH_SYS_TIME 1
#define HAVE_SYS_TIME_H 1
#define HAVE_CLOCK_GETTIME 1

configure: exit 0
